<?xml version="1.0" encoding="UTF-8"?>
<!-- Generated by org.testng.reporters.JUnitReportReporter -->
<testsuite hostname="DESKTOP-ERM4RAO" failures="0" tests="1" name="runner.CucumberRunner" time="38.447" errors="0" timestamp="2024-08-01T09:59:28 IST" skipped="0">
  <testcase classname="runner.CucumberRunner" name="runScenario" time="38.447"/>
  <system-out/>
</testsuite> <!-- runner.CucumberRunner -->
