<?xml version="1.0" encoding="UTF-8"?>
<!-- Generated by org.testng.reporters.JUnitReportReporter -->
<testsuite hostname="DESKTOP-ERM4RAO" failures="0" tests="1" name="runner.CucumberRunner" time="25.563" errors="0" timestamp="2024-10-16T14:44:20 IST" skipped="0">
  <testcase classname="runner.CucumberRunner" name="runScenario" time="25.563"/>
  <system-out/>
</testsuite> <!-- runner.CucumberRunner -->
